discarding /home/d.mingers/.conda/envs/mingpython/bin from PATH
discarding /home/d.mingers/.conda/envs/mingpython/bin from PATH
discarding /home/d.mingers/.conda/envs/mingpython/bin from PATH
discarding /home/d.mingers/.conda/envs/mingpython/bin from PATH
discarding /home/d.mingers/.conda/envs/mingpython/bin from PATH
discarding /home/d.mingers/.conda/envs/mingpython/bin from PATH
discarding /home/d.mingers/.conda/envs/mingpython/bin from PATH
discarding /home/d.mingers/.conda/envs/mingpython/bin from PATH
prepending /home/d.mingers/.conda/envs/mingpython/bin to PATH
prepending /home/d.mingers/.conda/envs/mingpython/bin to PATH
prepending /home/d.mingers/.conda/envs/mingpython/bin to PATH
prepending /home/d.mingers/.conda/envs/mingpython/bin to PATH
prepending /home/d.mingers/.conda/envs/mingpython/bin to PATH
prepending /home/d.mingers/.conda/envs/mingpython/bin to PATH
prepending /home/d.mingers/.conda/envs/mingpython/bin to PATH
prepending /home/d.mingers/.conda/envs/mingpython/bin to PATH
srun: got SIGCONT
slurmstepd: error: *** STEP 645711.0 ON blaustein29 CANCELLED AT 2016-09-27T12:37:22 ***
slurmstepd: error: *** JOB 645713 ON blaustein31 CANCELLED AT 2016-09-27T12:37:22 ***
slurmstepd: error: *** JOB 645711 ON blaustein29 CANCELLED AT 2016-09-27T12:37:22 ***
srun: forcing job termination
slurmstepd: error: *** STEP 645713.0 ON blaustein31 CANCELLED AT 2016-09-27T12:37:22 ***
srun: got SIGCONT
srun: Job step aborted: Waiting up to 32 seconds for job step to finish.
27T12:37:20 ***
slurmstepd: error: *** JOB 645707 ON blaustein25 CANCELLED AT 2016-09-27Tslurmstepd: esrun: Job step aborted: Waiting up to 32 seconds for job step to finish.
srun: forcing job termination
srun: forcing job termination
5709.0 ON blaustein27 CANCELLED AT 2016-09-27T12:37:27 ***
slurmstepd: error: *** JOB 645709 ON blaustein27 CANCELLED AT 2016-09-27T12:37:27 ***
**
srun: forcing job termination
srun: Job step aborted: Waiting up to 32 seconds for job step to finish.
slurmstepd: error: *** JOB 645708 ON blaustein26 CANCELLED AT 2016-09-27T12:37:25 ***
srun: forcing job termination
g up to 32 seconds for job step to finish.
27T12:37:26 ***
srun: Job step aborted: Waiting up to 32 seconds for job step to finish.
27T12:37:25 ***
srun: Job step aborted: Waiting up to 32 seconds for job step to finish.
srun: Job step aborted: Waiting up to 32 seconds for job step to finish.
srun: got SIGCONT
slurmstepd: error: *** JOB 645706 ON blaustein24 CANCELLED AT 2016-09-27T12:37:30 ***
srun: forcing job termination
slurmstepd: error: *** STEP 645706.0 ON blaustein24 CANCELLED AT 2016-09-27T12:37:30 ***
